[2023-08-22 13:22:06] [INFO ] [OdontologoService:21] Guardando Odontólogo: Odontologo{id=null, matricula=1, nombre='Francisco', apellido='Rodriguez'}
[2023-08-22 13:22:07] [INFO ] [OdontologoService:21] Guardando Odontólogo: Odontologo{id=null, matricula=2, nombre='Pedro', apellido='Fernandez'}
[2023-08-22 13:22:07] [INFO ] [OdontologoService:21] Guardando Odontólogo: Odontologo{id=null, matricula=3, nombre='Gonzalo', apellido='Chaves'}
[2023-08-22 13:22:08] [INFO ] [OdontologoService:26] Listando todos los Odontólogos
[2023-08-22 13:23:00] [INFO ] [OdontologoService:21] Guardando Odontólogo: Odontologo{id=null, matricula=1, nombre='Francisco', apellido='Rodriguez'}
[2023-08-22 13:23:01] [INFO ] [OdontologoService:21] Guardando Odontólogo: Odontologo{id=null, matricula=2, nombre='Pedro', apellido='Fernandez'}
[2023-08-22 13:23:01] [INFO ] [OdontologoService:21] Guardando Odontólogo: Odontologo{id=null, matricula=3, nombre='Gonzalo', apellido='Chaves'}
[2023-08-22 13:23:02] [INFO ] [OdontologoService:26] Listando todos los Odontólogos
[2023-08-22 13:32:53] [INFO ] [OdontologoService:21] Guardando Odontólogo: Odontólogo (id=null), matricula:1, Francisco Rodriguez
[2023-08-22 13:32:54] [INFO ] [OdontologoService:21] Guardando Odontólogo: Odontólogo (id=null), matricula:2, Pedro Fernandez
[2023-08-22 13:32:54] [INFO ] [OdontologoService:21] Guardando Odontólogo: Odontólogo (id=null), matricula:3, Gonzalo Chaves
[2023-08-22 13:32:55] [INFO ] [OdontologoService:26] Listando todos los Odontólogos
[2023-08-22 13:37:41] [INFO ] [OdontologoService:21] Guardando Odontólogo: Odontólogo (id=null), matricula:1, Francisco Rodriguez
[2023-08-22 13:37:42] [INFO ] [OdontologoService:21] Guardando Odontólogo: Odontólogo (id=null), matricula:2, Pedro Fernandez
[2023-08-22 13:37:42] [INFO ] [OdontologoService:21] Guardando Odontólogo: Odontólogo (id=null), matricula:3, Gonzalo Chaves
[2023-08-22 13:37:42] [INFO ] [OdontologoService:31] Buscando Odontólogo
[2023-08-22 13:37:42] [INFO ] [OdontologoService:21] Guardando Odontólogo: Odontólogo (id=null), matricula:1, Francisco Rodriguez
[2023-08-22 13:37:42] [INFO ] [OdontologoService:21] Guardando Odontólogo: Odontólogo (id=null), matricula:2, Pedro Fernandez
[2023-08-22 13:37:42] [INFO ] [OdontologoService:21] Guardando Odontólogo: Odontólogo (id=null), matricula:3, Gonzalo Chaves
[2023-08-22 13:37:42] [INFO ] [OdontologoService:36] Eliminando al Odontólogo
[2023-08-22 13:37:42] [INFO ] [OdontologoService:21] Guardando Odontólogo: Odontólogo (id=null), matricula:1, Francisco Rodriguez
[2023-08-22 13:37:42] [INFO ] [OdontologoService:21] Guardando Odontólogo: Odontólogo (id=null), matricula:2, Pedro Fernandez
[2023-08-22 13:37:42] [INFO ] [OdontologoService:21] Guardando Odontólogo: Odontólogo (id=null), matricula:3, Gonzalo Chaves
[2023-08-22 13:37:42] [INFO ] [OdontologoService:26] Listando todos los Odontólogos
[2023-08-22 13:38:38] [INFO ] [OdontologoService:31] Buscando Odontólogo
[2023-08-22 13:38:38] [INFO ] [OdontologoService:36] Eliminando al Odontólogo
[2023-08-22 13:38:38] [INFO ] [OdontologoService:26] Listando todos los Odontólogos
[2023-08-22 13:39:18] [INFO ] [OdontologoService:31] Buscando Odontólogo
[2023-08-22 13:39:18] [INFO ] [OdontologoService:36] Eliminando al Odontólogo
[2023-08-22 13:39:18] [INFO ] [OdontologoService:26] Listando todos los Odontólogos
[2023-08-22 13:39:51] [INFO ] [OdontologoService:21] Guardando Odontólogo: Odontólogo (id=null), matricula:1, Francisco Rodriguez
[2023-08-22 13:39:52] [INFO ] [OdontologoService:21] Guardando Odontólogo: Odontólogo (id=null), matricula:2, Pedro Fernandez
[2023-08-22 13:39:52] [INFO ] [OdontologoService:21] Guardando Odontólogo: Odontólogo (id=null), matricula:3, Gonzalo Chaves
[2023-08-22 13:39:53] [INFO ] [OdontologoService:26] Listando todos los Odontólogos
[2023-08-22 13:40:48] [INFO ] [OdontologoService:31] Buscando Odontólogo
[2023-08-22 13:41:06] [INFO ] [OdontologoService:36] Eliminando al Odontólogo
[2023-08-22 14:14:35] [INFO ] [PacienteService:19] Guardando Paciente: Paciente (id: null, RafaelUmpierrez, DNI: 123456, fechaIngreso:Wed Dec 31 21:00:02 UYT 1969, domicilio:Domicilio(id=null) Los Pinos 1234, Malvin, Montevideo.
[2023-08-22 14:14:35] [INFO ] [PacienteService:19] Guardando Paciente: Paciente (id: null, AgustínPeréz, DNI: 123456, fechaIngreso:Wed Dec 31 21:00:02 UYT 1969, domicilio:Domicilio(id=null) Los Pinos 1234, Malvin, Montevideo.
[2023-08-22 14:14:35] [INFO ] [PacienteService:19] Guardando Paciente: Paciente (id: null, RodrigoFernández, DNI: 123456, fechaIngreso:Wed Dec 31 21:00:02 UYT 1969, domicilio:Domicilio(id=null) Los Pinos 1234, Malvin, Montevideo.
[2023-08-22 14:14:35] [INFO ] [PacienteService:27] Listando todos los Pacientes
[2023-08-22 14:16:05] [INFO ] [PacienteService:19] Guardando Paciente: Paciente (id: null, RafaelUmpierrez, DNI: 123456, fechaIngreso:Wed Dec 31 21:00:02 UYT 1969, domicilio:Domicilio(id=null) Los Pinos 1234, Malvin, Montevideo.
[2023-08-22 14:16:06] [INFO ] [PacienteService:19] Guardando Paciente: Paciente (id: null, AgustínPeréz, DNI: 123456, fechaIngreso:Wed Dec 31 21:00:02 UYT 1969, domicilio:Domicilio(id=null) Los Pinos 1234, Malvin, Montevideo.
[2023-08-22 14:16:06] [INFO ] [PacienteService:19] Guardando Paciente: Paciente (id: null, RodrigoFernández, DNI: 123456, fechaIngreso:Wed Dec 31 21:00:02 UYT 1969, domicilio:Domicilio(id=null) Los Pinos 1234, Malvin, Montevideo.
[2023-08-22 14:16:06] [INFO ] [PacienteService:27] Listando todos los Pacientes
[2023-08-22 14:22:09] [INFO ] [PacienteService:19] Guardando Paciente: Paciente (id: null, RafaelUmpierrez, DNI: 123456, fechaIngreso:Wed Dec 31 21:00:02 UYT 1969, domicilio:Domicilio(id=null) Los Pinos 1234, Malvin, Montevideo.
[2023-08-22 14:22:09] [INFO ] [PacienteService:19] Guardando Paciente: Paciente (id: null, AgustínPeréz, DNI: 123456, fechaIngreso:Wed Dec 31 21:00:02 UYT 1969, domicilio:Domicilio(id=null) Los Pinos 1234, Malvin, Montevideo.
[2023-08-22 14:22:09] [INFO ] [PacienteService:19] Guardando Paciente: Paciente (id: null, RodrigoFernández, DNI: 123456, fechaIngreso:Wed Dec 31 21:00:02 UYT 1969, domicilio:Domicilio(id=null) Los Pinos 1234, Malvin, Montevideo.
[2023-08-22 14:22:09] [INFO ] [PacienteService:27] Listando todos los Pacientes
[2023-08-22 14:30:26] [INFO ] [OdontologoService:21] Guardando Odontólogo: Odontólogo (id=null), matricula:1, Francisco Rodriguez
[2023-08-22 14:30:28] [INFO ] [OdontologoService:21] Guardando Odontólogo: Odontólogo (id=null), matricula:2, Pedro Fernandez
[2023-08-22 14:30:28] [INFO ] [OdontologoService:21] Guardando Odontólogo: Odontólogo (id=null), matricula:3, Gonzalo Chaves
[2023-08-22 14:30:28] [INFO ] [OdontologoService:31] Buscando Odontólogo
[2023-08-22 14:30:28] [INFO ] [OdontologoService:21] Guardando Odontólogo: Odontólogo (id=null), matricula:1, Francisco Rodriguez
[2023-08-22 14:30:28] [INFO ] [OdontologoService:21] Guardando Odontólogo: Odontólogo (id=null), matricula:2, Pedro Fernandez
[2023-08-22 14:30:28] [INFO ] [OdontologoService:21] Guardando Odontólogo: Odontólogo (id=null), matricula:3, Gonzalo Chaves
[2023-08-22 14:30:28] [INFO ] [OdontologoService:26] Listando todos los Odontólogos
[2023-08-22 14:36:04] [INFO ] [OdontologoService:21] Guardando Odontólogo: Odontólogo (id=null), matricula:1, Francisco Rodriguez
[2023-08-22 14:36:04] [INFO ] [OdontologoService:21] Guardando Odontólogo: Odontólogo (id=null), matricula:2, Pedro Fernandez
[2023-08-22 14:36:04] [INFO ] [OdontologoService:21] Guardando Odontólogo: Odontólogo (id=null), matricula:3, Gonzalo Chaves
[2023-08-22 14:36:04] [INFO ] [OdontologoService:31] Buscando Odontólogo
[2023-08-22 14:36:04] [INFO ] [OdontologoService:21] Guardando Odontólogo: Odontólogo (id=null), matricula:1, Francisco Rodriguez
[2023-08-22 14:36:04] [INFO ] [OdontologoService:21] Guardando Odontólogo: Odontólogo (id=null), matricula:2, Pedro Fernandez
[2023-08-22 14:36:04] [INFO ] [OdontologoService:21] Guardando Odontólogo: Odontólogo (id=null), matricula:3, Gonzalo Chaves
[2023-08-22 14:36:04] [INFO ] [OdontologoService:26] Listando todos los Odontólogos
[2023-08-22 14:36:36] [INFO ] [OdontologoService:21] Guardando Odontólogo: Odontólogo (id=null), matricula:1, Francisco Rodriguez
[2023-08-22 14:36:36] [INFO ] [OdontologoService:21] Guardando Odontólogo: Odontólogo (id=null), matricula:2, Pedro Fernandez
[2023-08-22 14:36:36] [INFO ] [OdontologoService:21] Guardando Odontólogo: Odontólogo (id=null), matricula:3, Gonzalo Chaves
[2023-08-22 14:36:36] [INFO ] [OdontologoService:31] Buscando Odontólogo
[2023-08-22 14:36:36] [INFO ] [OdontologoService:21] Guardando Odontólogo: Odontólogo (id=null), matricula:1, Francisco Rodriguez
[2023-08-22 14:36:36] [INFO ] [OdontologoService:21] Guardando Odontólogo: Odontólogo (id=null), matricula:2, Pedro Fernandez
[2023-08-22 14:36:36] [INFO ] [OdontologoService:21] Guardando Odontólogo: Odontólogo (id=null), matricula:3, Gonzalo Chaves
[2023-08-22 14:36:36] [INFO ] [OdontologoService:26] Listando todos los Odontólogos
[2023-08-22 15:06:13] [INFO ] [PacienteService:19] Guardando Paciente: Paciente (id: null, RafaelUmpierrez, DNI: 123456, fechaIngreso:Wed Dec 31 21:00:02 UYT 1969, domicilio:Domicilio(id=null) Los Pinos 1234, Malvin, Montevideo.
[2023-08-22 15:06:14] [INFO ] [PacienteService:19] Guardando Paciente: Paciente (id: null, AgustínPeréz, DNI: 123456, fechaIngreso:Wed Dec 31 21:00:02 UYT 1969, domicilio:Domicilio(id=null) Los Pinos 1234, Malvin, Montevideo.
[2023-08-22 15:06:14] [INFO ] [PacienteService:19] Guardando Paciente: Paciente (id: null, RodrigoFernández, DNI: 123456, fechaIngreso:Wed Dec 31 21:00:02 UYT 1969, domicilio:Domicilio(id=null) Los Pinos 1234, Malvin, Montevideo.
[2023-08-22 15:06:14] [INFO ] [PacienteService:27] Listando todos los Pacientes
[2023-08-22 15:29:53] [INFO ] [OdontologoService:21] Guardando Odontólogo: Odontólogo (id=null), matricula:1, Francisco Rodriguez
[2023-08-22 15:29:54] [INFO ] [OdontologoService:21] Guardando Odontólogo: Odontólogo (id=null), matricula:2, Pedro Fernandez
[2023-08-22 15:29:55] [INFO ] [OdontologoService:21] Guardando Odontólogo: Odontólogo (id=null), matricula:3, Gonzalo Chaves
[2023-08-22 15:29:55] [INFO ] [OdontologoService:31] Buscando Odontólogo
[2023-08-22 15:29:55] [INFO ] [OdontologoService:21] Guardando Odontólogo: Odontólogo (id=null), matricula:1, Francisco Rodriguez
[2023-08-22 15:29:55] [INFO ] [OdontologoService:21] Guardando Odontólogo: Odontólogo (id=null), matricula:2, Pedro Fernandez
[2023-08-22 15:29:55] [INFO ] [OdontologoService:21] Guardando Odontólogo: Odontólogo (id=null), matricula:3, Gonzalo Chaves
[2023-08-22 15:29:55] [INFO ] [OdontologoService:26] Listando todos los Odontólogos
[2023-08-22 15:34:57] [INFO ] [OdontologoService:21] Guardando Odontólogo: Odontólogo (id=null), matricula:1, Francisco Rodriguez
[2023-08-22 15:34:58] [INFO ] [OdontologoService:21] Guardando Odontólogo: Odontólogo (id=null), matricula:2, Pedro Fernandez
[2023-08-22 15:34:59] [INFO ] [OdontologoService:21] Guardando Odontólogo: Odontólogo (id=null), matricula:3, Gonzalo Chaves
[2023-08-22 15:34:59] [INFO ] [OdontologoService:26] Listando todos los Odontólogos
[2023-08-22 15:35:30] [INFO ] [OdontologoService:21] Guardando Odontólogo: Odontólogo (id=null), matricula:1, Francisco Rodriguez
[2023-08-22 15:35:30] [INFO ] [OdontologoService:21] Guardando Odontólogo: Odontólogo (id=null), matricula:2, Pedro Fernandez
[2023-08-22 15:35:31] [INFO ] [OdontologoService:21] Guardando Odontólogo: Odontólogo (id=null), matricula:3, Gonzalo Chaves
[2023-08-22 15:35:31] [INFO ] [OdontologoService:31] Buscando Odontólogo
[2023-08-22 15:37:01] [INFO ] [OdontologoService:21] Guardando Odontólogo: Odontólogo (id=null), matricula:1, Francisco Rodriguez
[2023-08-22 15:37:03] [INFO ] [OdontologoService:21] Guardando Odontólogo: Odontólogo (id=null), matricula:2, Pedro Fernandez
[2023-08-22 15:37:03] [INFO ] [OdontologoService:21] Guardando Odontólogo: Odontólogo (id=null), matricula:3, Gonzalo Chaves
[2023-08-22 15:37:03] [INFO ] [OdontologoService:31] Buscando Odontólogo
[2023-08-22 15:39:02] [INFO ] [OdontologoService:21] Guardando Odontólogo: Odontólogo (id=null), matricula:1, Francisco Rodriguez
[2023-08-22 15:39:02] [INFO ] [OdontologoService:21] Guardando Odontólogo: Odontólogo (id=null), matricula:2, Pedro Fernandez
[2023-08-22 15:39:03] [INFO ] [OdontologoService:21] Guardando Odontólogo: Odontólogo (id=null), matricula:3, Gonzalo Chaves
[2023-08-22 15:39:03] [INFO ] [OdontologoService:31] Buscando Odontólogo
[2023-08-22 15:46:47] [INFO ] [OdontologoService:21] Guardando Odontólogo: Odontólogo (id=null), matricula:1, Francisco Rodriguez
[2023-08-22 15:46:47] [INFO ] [OdontologoService:21] Guardando Odontólogo: Odontólogo (id=null), matricula:2, Pedro Fernandez
[2023-08-22 15:46:48] [INFO ] [OdontologoService:21] Guardando Odontólogo: Odontólogo (id=null), matricula:3, Gonzalo Chaves
[2023-08-22 15:46:48] [INFO ] [OdontologoService:31] Buscando Odontólogo
[2023-08-22 15:46:48] [INFO ] [OdontologoService:21] Guardando Odontólogo: Odontólogo (id=null), matricula:1, Francisco Rodriguez
[2023-08-22 15:46:48] [INFO ] [OdontologoService:21] Guardando Odontólogo: Odontólogo (id=null), matricula:2, Pedro Fernandez
[2023-08-22 15:46:48] [INFO ] [OdontologoService:21] Guardando Odontólogo: Odontólogo (id=null), matricula:3, Gonzalo Chaves
[2023-08-22 15:46:48] [INFO ] [OdontologoService:26] Listando todos los Odontólogos
[2023-08-22 15:48:16] [INFO ] [OdontologoService:21] Guardando Odontólogo: Odontólogo (id=null), matricula:1, Francisco Rodriguez
[2023-08-22 15:48:16] [INFO ] [OdontologoService:21] Guardando Odontólogo: Odontólogo (id=null), matricula:2, Pedro Fernandez
[2023-08-22 15:48:16] [INFO ] [OdontologoService:21] Guardando Odontólogo: Odontólogo (id=null), matricula:3, Gonzalo Chaves
[2023-08-22 15:48:16] [INFO ] [OdontologoService:31] Buscando Odontólogo
[2023-08-22 15:48:16] [INFO ] [OdontologoService:21] Guardando Odontólogo: Odontólogo (id=null), matricula:1, Francisco Rodriguez
[2023-08-22 15:48:16] [INFO ] [OdontologoService:21] Guardando Odontólogo: Odontólogo (id=null), matricula:2, Pedro Fernandez
[2023-08-22 15:48:16] [INFO ] [OdontologoService:21] Guardando Odontólogo: Odontólogo (id=null), matricula:3, Gonzalo Chaves
[2023-08-22 15:48:16] [INFO ] [OdontologoService:26] Listando todos los Odontólogos
[2023-08-22 15:53:27] [INFO ] [OdontologoService:21] Guardando Odontólogo: Odontólogo (id=null), matricula:1, Francisco Rodriguez
[2023-08-22 15:53:28] [INFO ] [OdontologoService:21] Guardando Odontólogo: Odontólogo (id=null), matricula:2, Pedro Fernandez
[2023-08-22 15:53:28] [INFO ] [OdontologoService:21] Guardando Odontólogo: Odontólogo (id=null), matricula:3, Gonzalo Chaves
[2023-08-22 15:53:29] [INFO ] [OdontologoService:31] Buscando Odontólogo
[2023-08-22 15:53:29] [INFO ] [OdontologoService:21] Guardando Odontólogo: Odontólogo (id=null), matricula:1, Francisco Rodriguez
[2023-08-22 15:53:29] [INFO ] [OdontologoService:21] Guardando Odontólogo: Odontólogo (id=null), matricula:2, Pedro Fernandez
[2023-08-22 15:53:29] [INFO ] [OdontologoService:21] Guardando Odontólogo: Odontólogo (id=null), matricula:3, Gonzalo Chaves
[2023-08-22 15:53:29] [INFO ] [OdontologoService:26] Listando todos los Odontólogos
[2023-08-22 15:56:50] [INFO ] [OdontologoService:21] Guardando Odontólogo: Odontólogo (id=null), matricula:1, Francisco Rodriguez
[2023-08-22 15:59:50] [INFO ] [OdontologoService:21] Guardando Odontólogo: Odontólogo (id=null), matricula:2, Pedro Fernandez
[2023-08-22 16:00:03] [INFO ] [OdontologoService:22] Guardando Odontólogo: Odontólogo (id=21), matricula:1, Francisco Rodriguez
[2023-08-22 16:00:03] [INFO ] [OdontologoService:22] Guardando Odontólogo: Odontólogo (id=22), matricula:2, Pedro Fernandez
[2023-08-22 16:00:03] [INFO ] [OdontologoService:22] Guardando Odontólogo: Odontólogo (id=23), matricula:3, Gonzalo Chaves
[2023-08-22 16:00:03] [INFO ] [OdontologoService:32] Buscando Odontólogo
[2023-08-22 16:00:03] [INFO ] [OdontologoService:22] Guardando Odontólogo: Odontólogo (id=24), matricula:1, Francisco Rodriguez
[2023-08-22 16:00:03] [INFO ] [OdontologoService:22] Guardando Odontólogo: Odontólogo (id=25), matricula:2, Pedro Fernandez
[2023-08-22 16:00:03] [INFO ] [OdontologoService:22] Guardando Odontólogo: Odontólogo (id=26), matricula:3, Gonzalo Chaves
[2023-08-22 16:00:03] [INFO ] [OdontologoService:27] Listando todos los Odontólogos
[2023-08-22 16:02:40] [INFO ] [OdontologoService:22] Guardando Odontólogo: Odontólogo (id=null), matricula:1, Francisco Rodriguez
[2023-08-22 16:02:40] [INFO ] [OdontologoService:22] Guardando Odontólogo: Odontólogo (id=null), matricula:2, Pedro Fernandez
[2023-08-22 16:02:40] [INFO ] [OdontologoService:22] Guardando Odontólogo: Odontólogo (id=null), matricula:3, Gonzalo Chaves
[2023-08-22 16:02:40] [INFO ] [OdontologoService:32] Buscando Odontólogo
[2023-08-22 16:02:40] [INFO ] [OdontologoService:22] Guardando Odontólogo: Odontólogo (id=null), matricula:1, Francisco Rodriguez
[2023-08-22 16:02:40] [INFO ] [OdontologoService:22] Guardando Odontólogo: Odontólogo (id=null), matricula:2, Pedro Fernandez
[2023-08-22 16:02:40] [INFO ] [OdontologoService:22] Guardando Odontólogo: Odontólogo (id=null), matricula:3, Gonzalo Chaves
[2023-08-22 16:02:40] [INFO ] [OdontologoService:27] Listando todos los Odontólogos
[2023-08-22 16:04:23] [INFO ] [OdontologoService:22] Guardando Odontólogo: Odontólogo (id=null), matricula:1, Francisco Rodriguez
[2023-08-22 16:04:23] [INFO ] [OdontologoService:22] Guardando Odontólogo: Odontólogo (id=null), matricula:2, Pedro Fernandez
[2023-08-22 16:04:23] [INFO ] [OdontologoService:22] Guardando Odontólogo: Odontólogo (id=null), matricula:3, Gonzalo Chaves
[2023-08-22 16:04:23] [INFO ] [OdontologoService:32] Buscando Odontólogo
[2023-08-22 16:04:23] [INFO ] [OdontologoService:22] Guardando Odontólogo: Odontólogo (id=null), matricula:1, Francisco Rodriguez
[2023-08-22 16:04:23] [INFO ] [OdontologoService:22] Guardando Odontólogo: Odontólogo (id=null), matricula:2, Pedro Fernandez
[2023-08-22 16:04:23] [INFO ] [OdontologoService:22] Guardando Odontólogo: Odontólogo (id=null), matricula:3, Gonzalo Chaves
[2023-08-22 16:04:23] [INFO ] [OdontologoService:27] Listando todos los Odontólogos
[2023-08-22 16:04:35] [INFO ] [OdontologoService:22] Guardando Odontólogo: Odontólogo (id=1), matricula:1, Francisco Rodriguez
[2023-08-22 16:04:35] [INFO ] [OdontologoService:22] Guardando Odontólogo: Odontólogo (id=2), matricula:2, Pedro Fernandez
[2023-08-22 16:04:36] [INFO ] [OdontologoService:22] Guardando Odontólogo: Odontólogo (id=3), matricula:3, Gonzalo Chaves
[2023-08-22 16:04:36] [INFO ] [OdontologoService:32] Buscando Odontólogo
[2023-08-22 16:04:37] [INFO ] [OdontologoService:22] Guardando Odontólogo: Odontólogo (id=4), matricula:1, Francisco Rodriguez
[2023-08-22 16:04:37] [INFO ] [OdontologoService:22] Guardando Odontólogo: Odontólogo (id=5), matricula:2, Pedro Fernandez
[2023-08-22 16:04:37] [INFO ] [OdontologoService:22] Guardando Odontólogo: Odontólogo (id=6), matricula:3, Gonzalo Chaves
[2023-08-22 16:04:37] [INFO ] [OdontologoService:27] Listando todos los Odontólogos
[2023-08-22 16:08:20] [INFO ] [OdontologoService:32] Buscando Odontólogo
[2023-08-22 16:08:20] [INFO ] [OdontologoService:27] Listando todos los Odontólogos
[2023-08-22 16:08:20] [INFO ] [OdontologoService:38] Eliminando al Odontólogo
[2023-08-22 16:08:20] [INFO ] [OdontologoService:27] Listando todos los Odontólogos
[2023-08-22 16:08:45] [INFO ] [OdontologoService:22] Guardando Odontólogo: Odontólogo (id=1), matricula:1, Francisco Rodriguez
[2023-08-22 16:08:46] [INFO ] [OdontologoService:22] Guardando Odontólogo: Odontólogo (id=2), matricula:2, Pedro Fernandez
[2023-08-22 16:08:46] [INFO ] [OdontologoService:22] Guardando Odontólogo: Odontólogo (id=3), matricula:3, Gonzalo Chaves
[2023-08-22 16:08:46] [INFO ] [OdontologoService:32] Buscando Odontólogo
[2023-08-22 16:08:46] [INFO ] [OdontologoService:22] Guardando Odontólogo: Odontólogo (id=4), matricula:1, Francisco Rodriguez
[2023-08-22 16:08:46] [INFO ] [OdontologoService:22] Guardando Odontólogo: Odontólogo (id=5), matricula:2, Pedro Fernandez
[2023-08-22 16:08:46] [INFO ] [OdontologoService:22] Guardando Odontólogo: Odontólogo (id=6), matricula:3, Gonzalo Chaves
[2023-08-22 16:08:46] [INFO ] [OdontologoService:27] Listando todos los Odontólogos
[2023-08-22 16:08:46] [INFO ] [OdontologoService:22] Guardando Odontólogo: Odontólogo (id=7), matricula:1, Francisco Rodriguez
[2023-08-22 16:08:46] [INFO ] [OdontologoService:22] Guardando Odontólogo: Odontólogo (id=8), matricula:2, Pedro Fernandez
[2023-08-22 16:08:46] [INFO ] [OdontologoService:22] Guardando Odontólogo: Odontólogo (id=9), matricula:3, Gonzalo Chaves
[2023-08-22 16:08:46] [INFO ] [OdontologoService:38] Eliminando al Odontólogo
[2023-08-22 16:08:46] [INFO ] [OdontologoService:22] Guardando Odontólogo: Odontólogo (id=10), matricula:1, Francisco Rodriguez
[2023-08-22 16:08:46] [INFO ] [OdontologoService:22] Guardando Odontólogo: Odontólogo (id=11), matricula:2, Pedro Fernandez
[2023-08-22 16:08:46] [INFO ] [OdontologoService:22] Guardando Odontólogo: Odontólogo (id=12), matricula:3, Gonzalo Chaves
[2023-08-22 16:08:46] [INFO ] [OdontologoService:27] Listando todos los Odontólogos
[2023-08-22 16:09:18] [INFO ] [OdontologoService:22] Guardando Odontólogo: Odontólogo (id=13), matricula:1, Francisco Rodriguez
[2023-08-22 16:09:19] [INFO ] [OdontologoService:22] Guardando Odontólogo: Odontólogo (id=14), matricula:2, Pedro Fernandez
[2023-08-22 16:09:19] [INFO ] [OdontologoService:22] Guardando Odontólogo: Odontólogo (id=15), matricula:3, Gonzalo Chaves
[2023-08-22 16:09:19] [INFO ] [OdontologoService:27] Listando todos los Odontólogos
[2023-08-22 16:10:02] [INFO ] [OdontologoService:22] Guardando Odontólogo: Odontólogo (id=1), matricula:1, Francisco Rodriguez
[2023-08-22 16:10:03] [INFO ] [OdontologoService:22] Guardando Odontólogo: Odontólogo (id=2), matricula:2, Pedro Fernandez
[2023-08-22 16:10:03] [INFO ] [OdontologoService:22] Guardando Odontólogo: Odontólogo (id=3), matricula:3, Gonzalo Chaves
[2023-08-22 16:10:03] [INFO ] [OdontologoService:27] Listando todos los Odontólogos
[2023-08-22 16:10:28] [INFO ] [OdontologoService:22] Guardando Odontólogo: Odontólogo (id=4), matricula:1, Francisco Rodriguez
[2023-08-22 16:10:29] [INFO ] [OdontologoService:22] Guardando Odontólogo: Odontólogo (id=5), matricula:2, Pedro Fernandez
[2023-08-22 16:10:29] [INFO ] [OdontologoService:22] Guardando Odontólogo: Odontólogo (id=6), matricula:3, Gonzalo Chaves
[2023-08-22 16:10:29] [INFO ] [OdontologoService:32] Buscando Odontólogo
[2023-08-22 16:10:56] [INFO ] [OdontologoService:22] Guardando Odontólogo: Odontólogo (id=7), matricula:1, Francisco Rodriguez
[2023-08-22 16:10:56] [INFO ] [OdontologoService:22] Guardando Odontólogo: Odontólogo (id=8), matricula:2, Pedro Fernandez
[2023-08-22 16:10:56] [INFO ] [OdontologoService:22] Guardando Odontólogo: Odontólogo (id=9), matricula:3, Gonzalo Chaves
[2023-08-22 16:10:56] [INFO ] [OdontologoService:38] Eliminando al Odontólogo
[2023-08-22 16:11:27] [INFO ] [OdontologoService:22] Guardando Odontólogo: Odontólogo (id=10), matricula:1, Francisco Rodriguez
[2023-08-22 16:11:27] [INFO ] [OdontologoService:22] Guardando Odontólogo: Odontólogo (id=11), matricula:2, Pedro Fernandez
[2023-08-22 16:11:28] [INFO ] [OdontologoService:22] Guardando Odontólogo: Odontólogo (id=12), matricula:3, Gonzalo Chaves
[2023-08-22 16:11:28] [INFO ] [OdontologoService:27] Listando todos los Odontólogos
[2023-08-22 18:03:48] [INFO ] [PacienteService:19] Guardando Paciente: Paciente (id: null, RafaelUmpierrez, DNI: 123456, fechaIngreso:Wed Dec 31 21:00:02 UYT 1969, domicilio:Domicilio(id=null) Los Pinos 1234, Malvin, Montevideo.
[2023-08-22 18:03:49] [INFO ] [PacienteService:19] Guardando Paciente: Paciente (id: null, AgustínPeréz, DNI: 123456, fechaIngreso:Wed Dec 31 21:00:02 UYT 1969, domicilio:Domicilio(id=null) Los Pinos 1234, Malvin, Montevideo.
[2023-08-22 18:03:49] [INFO ] [PacienteService:19] Guardando Paciente: Paciente (id: null, RodrigoFernández, DNI: 123456, fechaIngreso:Wed Dec 31 21:00:02 UYT 1969, domicilio:Domicilio(id=null) Los Pinos 1234, Malvin, Montevideo.
[2023-08-22 18:03:49] [INFO ] [PacienteService:27] Listando todos los Pacientes
[2023-08-22 18:07:19] [INFO ] [PacienteService:21] Guardando Odontólogo: Paciente (id: 4, RafaelUmpierrez, DNI: 123456, fechaIngreso:Wed Dec 31 21:00:02 UYT 1969, domicilio:Domicilio(id=4) Los Pinos 1234, Malvin, Montevideo.
[2023-08-22 18:07:19] [INFO ] [PacienteService:21] Guardando Odontólogo: Paciente (id: 5, AgustínPeréz, DNI: 123456, fechaIngreso:Wed Dec 31 21:00:02 UYT 1969, domicilio:Domicilio(id=5) Los Pinos 1234, Malvin, Montevideo.
[2023-08-22 18:07:19] [INFO ] [PacienteService:21] Guardando Odontólogo: Paciente (id: 6, RodrigoFernández, DNI: 123456, fechaIngreso:Wed Dec 31 21:00:02 UYT 1969, domicilio:Domicilio(id=6) Los Pinos 1234, Malvin, Montevideo.
[2023-08-22 18:07:19] [INFO ] [PacienteService:29] Listando todos los Pacientes
[2023-08-22 18:08:15] [INFO ] [PacienteService:21] Guardando Odontólogo: Paciente (id: 7, RafaelUmpierrez, DNI: 123456, fechaIngreso:Wed Dec 31 21:00:02 UYT 1969, domicilio:Domicilio(id=7) Los Pinos 1234, Malvin, Montevideo.
[2023-08-22 18:08:15] [INFO ] [PacienteService:21] Guardando Odontólogo: Paciente (id: 8, AgustínPeréz, DNI: 123456, fechaIngreso:Wed Dec 31 21:00:02 UYT 1969, domicilio:Domicilio(id=8) Los Pinos 1234, Malvin, Montevideo.
[2023-08-22 18:08:15] [INFO ] [PacienteService:21] Guardando Odontólogo: Paciente (id: 9, RodrigoFernández, DNI: 123456, fechaIngreso:Wed Dec 31 21:00:02 UYT 1969, domicilio:Domicilio(id=9) Los Pinos 1234, Malvin, Montevideo.
[2023-08-22 18:08:15] [INFO ] [PacienteService:25] Buscando Paciente
[2023-08-22 18:09:29] [INFO ] [PacienteService:21] Guardando Odontólogo: Paciente (id: 10, RafaelUmpierrez, DNI: 123456, fechaIngreso:Wed Dec 31 21:00:02 UYT 1969, domicilio:Domicilio(id=10) Los Pinos 1234, Malvin, Montevideo.
[2023-08-22 18:09:29] [INFO ] [PacienteService:21] Guardando Odontólogo: Paciente (id: 11, AgustínPeréz, DNI: 123456, fechaIngreso:Wed Dec 31 21:00:02 UYT 1969, domicilio:Domicilio(id=11) Los Pinos 1234, Malvin, Montevideo.
[2023-08-22 18:09:29] [INFO ] [PacienteService:21] Guardando Odontólogo: Paciente (id: 12, RodrigoFernández, DNI: 123456, fechaIngreso:Wed Dec 31 21:00:02 UYT 1969, domicilio:Domicilio(id=12) Los Pinos 1234, Malvin, Montevideo.
[2023-08-22 18:09:29] [INFO ] [PacienteService:34] Eliminando al Paciente
[2023-08-22 18:23:53] [INFO ] [DomicilioService:19] Guardando domicilio: Domicilio(id=null) Los Pinos 1233, Malvin, Montevideo.
[2023-08-22 18:23:54] [INFO ] [DomicilioService:19] Guardando domicilio: Domicilio(id=null) Avda. Las Instrucciones del Año 1913 1234, Las Piedras, Canelones.
[2023-08-22 18:23:54] [INFO ] [DomicilioService:19] Guardando domicilio: Domicilio(id=null) Colonia 1303, Centro, Montevideo.
[2023-08-22 18:23:54] [INFO ] [DomicilioService:27] Listando todos los domicilios
[2023-08-22 18:29:30] [INFO ] [DomicilioService:21] Guardando Domicilio: Domicilio(id=16) Los Pinos 1233, Malvin, Montevideo.
[2023-08-22 18:29:30] [INFO ] [DomicilioService:21] Guardando Domicilio: Domicilio(id=17) Avda. Las Instrucciones del Año 1913 1234, Las Piedras, Canelones.
[2023-08-22 18:29:30] [INFO ] [DomicilioService:21] Guardando Domicilio: Domicilio(id=18) Colonia 1303, Centro, Montevideo.
[2023-08-22 18:29:30] [INFO ] [DomicilioService:29] Listando todos los Domicilios
[2023-08-22 18:29:50] [INFO ] [DomicilioService:21] Guardando Domicilio: Domicilio(id=16) Los Pinos 1233, Malvin, Montevideo.
[2023-08-22 18:29:50] [INFO ] [DomicilioService:21] Guardando Domicilio: Domicilio(id=17) Avda. Las Instrucciones del Año 1913 1234, Las Piedras, Canelones.
[2023-08-22 18:29:50] [INFO ] [DomicilioService:21] Guardando Domicilio: Domicilio(id=18) Colonia 1303, Centro, Montevideo.
[2023-08-22 18:29:50] [INFO ] [DomicilioService:25] Buscando Domicilio
[2023-08-22 18:30:12] [INFO ] [DomicilioService:21] Guardando Domicilio: Domicilio(id=19) Los Pinos 1233, Malvin, Montevideo.
[2023-08-22 18:30:13] [INFO ] [DomicilioService:21] Guardando Domicilio: Domicilio(id=20) Avda. Las Instrucciones del Año 1913 1234, Las Piedras, Canelones.
[2023-08-22 18:30:13] [INFO ] [DomicilioService:21] Guardando Domicilio: Domicilio(id=21) Colonia 1303, Centro, Montevideo.
[2023-08-22 18:30:13] [INFO ] [DomicilioService:34] Eliminando al Domicilio
[2023-08-22 18:31:23] [INFO ] [DomicilioService:21] Guardando Domicilio: Domicilio(id=null) Los Pinos 1233, Malvin, Montevideo.
[2023-08-22 18:31:23] [INFO ] [DomicilioService:21] Guardando Domicilio: Domicilio(id=null) Avda. Las Instrucciones del Año 1913 1234, Las Piedras, Canelones.
[2023-08-22 18:31:23] [INFO ] [DomicilioService:21] Guardando Domicilio: Domicilio(id=null) Colonia 1303, Centro, Montevideo.
[2023-08-22 18:31:23] [INFO ] [DomicilioService:34] Eliminando al Domicilio
[2023-08-22 18:31:35] [INFO ] [DomicilioService:21] Guardando Domicilio: Domicilio(id=1) Los Pinos 1233, Malvin, Montevideo.
[2023-08-22 18:31:35] [INFO ] [DomicilioService:21] Guardando Domicilio: Domicilio(id=2) Avda. Las Instrucciones del Año 1913 1234, Las Piedras, Canelones.
[2023-08-22 18:31:35] [INFO ] [DomicilioService:21] Guardando Domicilio: Domicilio(id=3) Colonia 1303, Centro, Montevideo.
[2023-08-22 18:31:35] [INFO ] [DomicilioService:34] Eliminando al Domicilio
[2023-08-25 15:16:57] [INFO ] [PacienteService:23] Guardando Odontólogo: Paciente (id: 13, AlbertoSilveira, DNI: 384698, fechaIngreso:Thu Apr 30 21:00:00 UYT 2020, domicilio:Domicilio(id=4) Avenida Los Toros 1234, Solymar, Canelones.
[2023-08-25 15:17:31] [INFO ] [PacienteService:31] Listando todos los Pacientes
[2023-08-25 15:19:16] [INFO ] [PacienteService:23] Guardando Odontólogo: Paciente (id: 1, AlbertoSilveira, DNI: 384698, fechaIngreso:Thu Apr 30 21:00:00 UYT 2020, domicilio:Domicilio(id=1) Avenida Los Toros 1234, Solymar, Canelones.
[2023-08-25 15:20:06] [INFO ] [PacienteService:23] Guardando Odontólogo: Paciente (id: 2, GabrielaChaves, DNI: 000000, fechaIngreso:Tue Mar 31 21:00:00 UYT 2020, domicilio:Domicilio(id=2) Colon 18121, Salinas, Canelones.
[2023-08-25 15:21:31] [INFO ] [PacienteService:23] Guardando Odontólogo: Paciente (id: 3, ValeriaSuarez, DNI: 1111111, fechaIngreso:Thu Mar 31 21:00:00 UYT 2022, domicilio:Domicilio(id=3) Colon 18121, Salinas, Canelones.
[2023-08-25 15:24:52] [INFO ] [PacienteService:27] Buscando Paciente
[2023-08-25 15:24:52] [INFO ] [PacienteService:40] Actualizando Paciente
[2023-08-25 15:28:54] [INFO ] [PacienteService:27] Buscando Paciente
[2023-08-25 15:28:54] [INFO ] [PacienteService:40] Actualizando Paciente
[2023-08-25 15:30:52] [INFO ] [PacienteService:27] Buscando Paciente
[2023-08-25 15:30:53] [INFO ] [PacienteService:40] Actualizando Paciente
[2023-08-25 15:32:47] [INFO ] [PacienteService:27] Buscando Paciente
[2023-08-25 15:32:47] [INFO ] [PacienteService:40] Actualizando Paciente
[2023-08-25 15:34:39] [INFO ] [PacienteService:27] Buscando Paciente
[2023-08-25 15:34:39] [INFO ] [PacienteService:40] Actualizando Paciente
[2023-08-25 15:34:51] [INFO ] [PacienteService:27] Buscando Paciente
[2023-08-25 15:34:51] [INFO ] [PacienteService:40] Actualizando Paciente
[2023-08-25 15:37:40] [INFO ] [PacienteService:27] Buscando Paciente
[2023-08-25 15:37:41] [INFO ] [PacienteService:40] Actualizando Paciente
[2023-08-25 15:38:08] [INFO ] [PacienteService:31] Listando todos los Pacientes
[2023-08-25 15:38:30] [INFO ] [PacienteService:27] Buscando Paciente
[2023-08-25 15:38:30] [INFO ] [PacienteService:40] Actualizando Paciente
[2023-08-25 15:39:59] [INFO ] [PacienteService:27] Buscando Paciente
[2023-08-25 15:39:59] [INFO ] [PacienteService:27] Buscando Paciente
[2023-08-25 15:39:59] [INFO ] [PacienteService:40] Actualizando Paciente
[2023-08-25 15:43:01] [INFO ] [PacienteService:27] Buscando Paciente
[2023-08-25 15:44:31] [INFO ] [PacienteService:27] Buscando Paciente
[2023-08-25 15:44:49] [INFO ] [PacienteService:27] Buscando Paciente
[2023-08-25 15:56:38] [INFO ] [PacienteService:27] Buscando Paciente
[2023-08-25 15:56:43] [INFO ] [PacienteService:27] Buscando Paciente
[2023-08-25 16:00:58] [INFO ] [PacienteService:27] Buscando Paciente
[2023-08-25 16:00:58] [INFO ] [PacienteService:36] Eliminando al Paciente
[2023-08-25 16:01:35] [INFO ] [PacienteService:27] Buscando Paciente
[2023-08-25 16:01:45] [INFO ] [PacienteService:31] Listando todos los Pacientes
[2023-08-25 16:19:50] [INFO ] [PacienteService:23] Guardando Odontólogo: Paciente (id: 4, EmiliaChavez, DNI: 2222222, fechaIngreso:Sat Dec 31 21:00:00 UYT 2022, domicilio:Domicilio(id=4) Perez Castellanos 18121, Ciudad Vieja, Montevideo.
[2023-08-25 16:20:50] [INFO ] [PacienteService:23] Guardando Paciente null
[2023-08-25 16:20:50] [INFO ] [PacienteService:24] Paciente guardado con éxito.
[2023-08-25 16:22:21] [INFO ] [PacienteService:31] Actualizando Paciente: null
[2023-08-25 16:22:21] [ERROR] [PacienteService:37] No se actualizó al paciente con éxito.
[2023-08-25 16:22:51] [INFO ] [PacienteService:31] Actualizando Paciente: null
[2023-08-25 16:22:51] [ERROR] [PacienteService:37] No se actualizó al paciente con éxito.
[2023-08-25 16:23:32] [INFO ] [PacienteService:31] Actualizando Paciente: 5
[2023-08-25 16:23:32] [INFO ] [PacienteService:34] Paciente actualizado con éxito.
[2023-08-25 16:24:57] [INFO ] [PacienteService:45] Buscando Paciente.
[2023-08-25 16:24:57] [INFO ] [PacienteService:51] Paciente encontrado.
[2023-08-25 16:25:09] [INFO ] [PacienteService:45] Buscando Paciente.
[2023-08-25 16:25:09] [ERROR] [PacienteService:48] No se encontró al Paciente.
[2023-08-25 16:25:25] [INFO ] [PacienteService:65] Eliminando al Paciente.
[2023-08-25 16:25:25] [INFO ] [PacienteService:68] Paciente eliminado con éxito.
[2023-08-25 16:25:33] [INFO ] [PacienteService:65] Eliminando al Paciente.
[2023-08-25 16:25:33] [ERROR] [PacienteService:71] Ocurrió un error al eliminar al Paciente.
[2023-08-25 16:25:43] [INFO ] [PacienteService:58] Listando todos los Pacientes.
[2023-08-25 16:26:36] [INFO ] [PacienteService:23] Guardando Paciente null
[2023-08-25 16:26:36] [INFO ] [PacienteService:24] Paciente guardado con éxito.
[2023-08-25 16:58:33] [INFO ] [OdontologoController:21] Guardando Odontólogo con id: null
[2023-08-25 16:58:33] [INFO ] [OdontologoController:22] Odontólogo guardado con éxito.
[2023-08-25 16:59:36] [INFO ] [OdontologoController:21] Guardando Odontólogo con id: null
[2023-08-25 16:59:36] [INFO ] [OdontologoController:22] Odontólogo guardado con éxito.
[2023-08-25 16:59:53] [INFO ] [OdontologoController:21] Guardando Odontólogo con id: null
[2023-08-25 16:59:53] [INFO ] [OdontologoController:22] Odontólogo guardado con éxito.
[2023-08-25 17:00:17] [INFO ] [OdontologoController:41] Actualizando Odontólogo con id: null
[2023-08-25 17:00:17] [ERROR] [OdontologoController:46] Ocurrió un error al intentar actualizar al Odontólogo.
[2023-08-25 17:00:45] [INFO ] [OdontologoController:41] Actualizando Odontólogo con id: 1
[2023-08-25 17:00:45] [INFO ] [OdontologoController:43] Odontólogo actualizado con éxito.
[2023-08-25 17:01:18] [INFO ] [OdontologoController:41] Actualizando Odontólogo con id: 1000
[2023-08-25 17:01:18] [INFO ] [OdontologoController:43] Odontólogo actualizado con éxito.
[2023-08-25 17:02:22] [INFO ] [OdontologoController:41] Actualizando Odontólogo con id: 1000
[2023-08-25 17:02:22] [INFO ] [OdontologoController:43] Odontólogo actualizado con éxito.
[2023-08-25 17:02:39] [INFO ] [OdontologoController:41] Actualizando Odontólogo con id: 1000
[2023-08-25 17:02:39] [INFO ] [OdontologoController:43] Odontólogo actualizado con éxito.
[2023-08-25 17:04:07] [INFO ] [OdontologoService:41] Actualizando Odontólogo con id: 1000
[2023-08-25 17:04:07] [INFO ] [OdontologoService:43] Odontólogo actualizado con éxito.
[2023-08-25 17:04:13] [INFO ] [OdontologoService:41] Actualizando Odontólogo con id: 1000
[2023-08-25 17:04:13] [INFO ] [OdontologoService:43] Odontólogo actualizado con éxito.
[2023-08-25 17:05:17] [INFO ] [OdontologoController:54] Listando todos los Odontólogos.
[2023-08-25 17:05:32] [INFO ] [OdontologoController:41] Actualizando Odontólogo con id: 10
[2023-08-25 17:05:33] [INFO ] [OdontologoController:43] Odontólogo actualizado con éxito.
[2023-08-25 17:08:38] [INFO ] [OdontologoController:54] Listando todos los Odontólogos.
[2023-08-25 17:11:08] [INFO ] [OdontologoController:40] Actualizando Odontólogo con id: 50000
[2023-08-25 17:11:08] [INFO ] [OdontologoController:43] Odontólogo actualizado con éxito.
[2023-08-25 17:11:43] [INFO ] [OdontologoController:40] Actualizando Odontólogo con id: 50000
[2023-08-25 17:11:43] [INFO ] [OdontologoController:43] Odontólogo actualizado con éxito.
[2023-08-25 17:12:03] [INFO ] [OdontologoController:40] Actualizando Odontólogo con id: 50000
[2023-08-25 17:12:03] [INFO ] [OdontologoController:43] Odontólogo actualizado con éxito.
[2023-08-25 17:13:04] [INFO ] [PacienteController:58] Listando todos los Pacientes.
[2023-08-25 17:13:31] [INFO ] [PacienteController:31] Actualizando Paciente con id: 5
[2023-08-25 17:13:31] [INFO ] [PacienteController:34] Paciente actualizado con éxito.
[2023-08-25 17:13:51] [INFO ] [PacienteController:31] Actualizando Paciente con id: 10000
[2023-08-25 17:13:51] [ERROR] [PacienteController:37] Ocurrió un error al intentar actualizar al Paciente.
[2023-08-25 17:13:59] [INFO ] [PacienteController:58] Listando todos los Pacientes.
[2023-08-25 17:17:22] [INFO ] [OdontologoController:40] Actualizando Odontólogo con id: 50000
[2023-08-25 17:17:22] [ERROR] [OdontologoController:47] Ocurrió un error al intentar actualizar al Odontólogo.
[2023-08-25 17:18:07] [INFO ] [OdontologoController:55] Listando todos los Odontólogos.
[2023-08-25 17:18:21] [INFO ] [OdontologoController:28] Buscando Odontólogo.
[2023-08-25 17:18:21] [INFO ] [OdontologoController:34] Odontólogo encontrado.
[2023-08-25 17:18:38] [INFO ] [OdontologoController:28] Buscando Odontólogo.
[2023-08-25 17:18:38] [ERROR] [OdontologoController:31] No se encontró al Odontólogo.
[2023-08-25 17:19:14] [INFO ] [OdontologoController:62] Eliminando al Odontólogo.
[2023-08-25 17:19:14] [INFO ] [OdontologoController:65] Odontólogo eliminado con éxito.
[2023-08-25 19:14:43] [INFO ] [OdontologoController:62] Eliminando al Odontólogo.
[2023-08-25 19:14:43] [ERROR] [OdontologoController:68] Ocurrió un error al intentar eliminar al Odontólogo.
[2023-08-25 19:14:59] [INFO ] [OdontologoController:55] Listando todos los Odontólogos.
[2023-08-25 19:24:46] [INFO ] [TurnoController:31] Guardando Turno
[2023-08-25 19:24:46] [INFO ] [TurnoController:34] Turno guardado con éxito.
